<?xml version="1.0" encoding="UTF-8"?>
<testsuite xmlns:xsi="http://www.w3.org/2001/XMLSchema-instance" xsi:noNamespaceSchemaLocation="https://maven.apache.org/surefire/maven-surefire-plugin/xsd/surefire-test-report.xsd" name="com.hill.ext.demo.dubbo.client.test.SayHelloClientTest" time="1.79" tests="1" errors="0" skipped="0" failures="0">
  <properties>
    <property name="gopherProxySet" value="false"/>
    <property name="awt.toolkit" value="sun.lwawt.macosx.LWCToolkit"/>
    <property name="file.encoding.pkg" value="sun.io"/>
    <property name="java.specification.version" value="1.8"/>
    <property name="sun.cpu.isalist" value=""/>
    <property name="sun.jnu.encoding" value="UTF-8"/>
    <property name="java.class.path" value="/Users/hillchen/Documents/work/workspace/hill/rpcext/rpc-ext-demo/rpc-ext-demo-dubbo/rpc-ext-demo-dubbo-client/target/test-classes:/Users/hillchen/Documents/work/workspace/hill/rpcext/rpc-ext-demo/rpc-ext-demo-dubbo/rpc-ext-demo-dubbo-client/target/classes:/Users/hillchen/Documents/banksteel/mvn/repository/org/springframework/boot/spring-boot-starter/2.0.3.RELEASE/spring-boot-starter-2.0.3.RELEASE.jar:/Users/hillchen/Documents/banksteel/mvn/repository/org/springframework/boot/spring-boot/2.0.3.RELEASE/spring-boot-2.0.3.RELEASE.jar:/Users/hillchen/Documents/banksteel/mvn/repository/org/springframework/boot/spring-boot-autoconfigure/2.0.3.RELEASE/spring-boot-autoconfigure-2.0.3.RELEASE.jar:/Users/hillchen/Documents/banksteel/mvn/repository/org/springframework/boot/spring-boot-starter-logging/2.0.3.RELEASE/spring-boot-starter-logging-2.0.3.RELEASE.jar:/Users/hillchen/Documents/banksteel/mvn/repository/ch/qos/logback/logback-classic/1.2.3/logback-classic-1.2.3.jar:/Users/hillchen/Documents/banksteel/mvn/repository/ch/qos/logback/logback-core/1.2.3/logback-core-1.2.3.jar:/Users/hillchen/Documents/banksteel/mvn/repository/org/apache/logging/log4j/log4j-to-slf4j/2.10.0/log4j-to-slf4j-2.10.0.jar:/Users/hillchen/Documents/banksteel/mvn/repository/org/apache/logging/log4j/log4j-api/2.10.0/log4j-api-2.10.0.jar:/Users/hillchen/Documents/banksteel/mvn/repository/org/slf4j/jul-to-slf4j/1.7.25/jul-to-slf4j-1.7.25.jar:/Users/hillchen/Documents/banksteel/mvn/repository/javax/annotation/javax.annotation-api/1.3.2/javax.annotation-api-1.3.2.jar:/Users/hillchen/Documents/banksteel/mvn/repository/org/springframework/spring-core/5.0.7.RELEASE/spring-core-5.0.7.RELEASE.jar:/Users/hillchen/Documents/banksteel/mvn/repository/org/springframework/spring-jcl/5.0.7.RELEASE/spring-jcl-5.0.7.RELEASE.jar:/Users/hillchen/Documents/banksteel/mvn/repository/org/yaml/snakeyaml/1.19/snakeyaml-1.19.jar:/Users/hillchen/Documents/banksteel/mvn/repository/com/101tec/zkclient/0.4/zkclient-0.4.jar:/Users/hillchen/Documents/banksteel/mvn/repository/org/apache/zookeeper/zookeeper/3.3.1/zookeeper-3.3.1.jar:/Users/hillchen/Documents/banksteel/mvn/repository/jline/jline/0.9.94/jline-0.9.94.jar:/Users/hillchen/Documents/banksteel/mvn/repository/log4j/log4j/1.2.14/log4j-1.2.14.jar:/Users/hillchen/Documents/work/workspace/hill/rpcext/rpc-ext-demo/rpc-ext-demo-dubbo/rpc-ext-demo-dubbo-api/target/rpc-ext-demo-dubbo-api-1.0-SNAPSHOT.jar:/Users/hillchen/Documents/banksteel/mvn/repository/com/alibaba/dubbo/2.5.8/dubbo-2.5.8.jar:/Users/hillchen/Documents/banksteel/mvn/repository/org/springframework/spring-context/5.0.7.RELEASE/spring-context-5.0.7.RELEASE.jar:/Users/hillchen/Documents/banksteel/mvn/repository/org/springframework/spring-aop/5.0.7.RELEASE/spring-aop-5.0.7.RELEASE.jar:/Users/hillchen/Documents/banksteel/mvn/repository/org/springframework/spring-expression/5.0.7.RELEASE/spring-expression-5.0.7.RELEASE.jar:/Users/hillchen/Documents/banksteel/mvn/repository/org/springframework/spring-beans/5.0.7.RELEASE/spring-beans-5.0.7.RELEASE.jar:/Users/hillchen/Documents/banksteel/mvn/repository/org/springframework/spring-web/5.0.7.RELEASE/spring-web-5.0.7.RELEASE.jar:/Users/hillchen/Documents/banksteel/mvn/repository/org/javassist/javassist/3.20.0-GA/javassist-3.20.0-GA.jar:/Users/hillchen/Documents/banksteel/mvn/repository/org/jboss/netty/netty/3.2.5.Final/netty-3.2.5.Final.jar:/Users/hillchen/Documents/work/workspace/hill/rpcext/rpc-ext-core/target/rpc-ext-core-1.0-SNAPSHOT.jar:/Users/hillchen/Documents/banksteel/mvn/repository/com/alibaba/fastjson/1.2.7/fastjson-1.2.7.jar:/Users/hillchen/Documents/banksteel/mvn/repository/org/springframework/boot/spring-boot-starter-test/2.0.3.RELEASE/spring-boot-starter-test-2.0.3.RELEASE.jar:/Users/hillchen/Documents/banksteel/mvn/repository/org/springframework/boot/spring-boot-test/2.0.3.RELEASE/spring-boot-test-2.0.3.RELEASE.jar:/Users/hillchen/Documents/banksteel/mvn/repository/org/springframework/boot/spring-boot-test-autoconfigure/2.0.3.RELEASE/spring-boot-test-autoconfigure-2.0.3.RELEASE.jar:/Users/hillchen/Documents/banksteel/mvn/repository/com/jayway/jsonpath/json-path/2.4.0/json-path-2.4.0.jar:/Users/hillchen/Documents/banksteel/mvn/repository/net/minidev/json-smart/2.3/json-smart-2.3.jar:/Users/hillchen/Documents/banksteel/mvn/repository/net/minidev/accessors-smart/1.2/accessors-smart-1.2.jar:/Users/hillchen/Documents/banksteel/mvn/repository/org/ow2/asm/asm/5.0.4/asm-5.0.4.jar:/Users/hillchen/Documents/banksteel/mvn/repository/org/slf4j/slf4j-api/1.7.25/slf4j-api-1.7.25.jar:/Users/hillchen/Documents/banksteel/mvn/repository/junit/junit/4.12/junit-4.12.jar:/Users/hillchen/Documents/banksteel/mvn/repository/org/assertj/assertj-core/3.9.1/assertj-core-3.9.1.jar:/Users/hillchen/Documents/banksteel/mvn/repository/org/mockito/mockito-core/2.15.0/mockito-core-2.15.0.jar:/Users/hillchen/Documents/banksteel/mvn/repository/net/bytebuddy/byte-buddy/1.7.11/byte-buddy-1.7.11.jar:/Users/hillchen/Documents/banksteel/mvn/repository/net/bytebuddy/byte-buddy-agent/1.7.11/byte-buddy-agent-1.7.11.jar:/Users/hillchen/Documents/banksteel/mvn/repository/org/objenesis/objenesis/2.6/objenesis-2.6.jar:/Users/hillchen/Documents/banksteel/mvn/repository/org/hamcrest/hamcrest-core/1.3/hamcrest-core-1.3.jar:/Users/hillchen/Documents/banksteel/mvn/repository/org/hamcrest/hamcrest-library/1.3/hamcrest-library-1.3.jar:/Users/hillchen/Documents/banksteel/mvn/repository/org/skyscreamer/jsonassert/1.5.0/jsonassert-1.5.0.jar:/Users/hillchen/Documents/banksteel/mvn/repository/com/vaadin/external/google/android-json/0.0.20131108.vaadin1/android-json-0.0.20131108.vaadin1.jar:/Users/hillchen/Documents/banksteel/mvn/repository/org/springframework/spring-test/5.0.7.RELEASE/spring-test-5.0.7.RELEASE.jar:/Users/hillchen/Documents/banksteel/mvn/repository/org/xmlunit/xmlunit-core/2.5.1/xmlunit-core-2.5.1.jar:"/>
    <property name="java.vm.vendor" value="Oracle Corporation"/>
    <property name="sun.arch.data.model" value="64"/>
    <property name="java.vendor.url" value="http://java.oracle.com/"/>
    <property name="user.timezone" value=""/>
    <property name="java.vm.specification.version" value="1.8"/>
    <property name="os.name" value="Mac OS X"/>
    <property name="user.country" value="CN"/>
    <property name="sun.java.launcher" value="SUN_STANDARD"/>
    <property name="sun.boot.library.path" value="/Library/Java/JavaVirtualMachines/jdk1.8.0_181.jdk/Contents/Home/jre/lib"/>
    <property name="sun.java.command" value="/Users/hillchen/Documents/work/workspace/hill/rpcext/rpc-ext-demo/rpc-ext-demo-dubbo/rpc-ext-demo-dubbo-client/target/surefire/surefirebooter5322144542768493308.jar /Users/hillchen/Documents/work/workspace/hill/rpcext/rpc-ext-demo/rpc-ext-demo-dubbo/rpc-ext-demo-dubbo-client/target/surefire 2019-08-29T11-44-23_187-jvmRun1 surefire5687833363481355867tmp surefire_18482685146604460103tmp"/>
    <property name="surefire.test.class.path" value="/Users/hillchen/Documents/work/workspace/hill/rpcext/rpc-ext-demo/rpc-ext-demo-dubbo/rpc-ext-demo-dubbo-client/target/test-classes:/Users/hillchen/Documents/work/workspace/hill/rpcext/rpc-ext-demo/rpc-ext-demo-dubbo/rpc-ext-demo-dubbo-client/target/classes:/Users/hillchen/Documents/banksteel/mvn/repository/org/springframework/boot/spring-boot-starter/2.0.3.RELEASE/spring-boot-starter-2.0.3.RELEASE.jar:/Users/hillchen/Documents/banksteel/mvn/repository/org/springframework/boot/spring-boot/2.0.3.RELEASE/spring-boot-2.0.3.RELEASE.jar:/Users/hillchen/Documents/banksteel/mvn/repository/org/springframework/boot/spring-boot-autoconfigure/2.0.3.RELEASE/spring-boot-autoconfigure-2.0.3.RELEASE.jar:/Users/hillchen/Documents/banksteel/mvn/repository/org/springframework/boot/spring-boot-starter-logging/2.0.3.RELEASE/spring-boot-starter-logging-2.0.3.RELEASE.jar:/Users/hillchen/Documents/banksteel/mvn/repository/ch/qos/logback/logback-classic/1.2.3/logback-classic-1.2.3.jar:/Users/hillchen/Documents/banksteel/mvn/repository/ch/qos/logback/logback-core/1.2.3/logback-core-1.2.3.jar:/Users/hillchen/Documents/banksteel/mvn/repository/org/apache/logging/log4j/log4j-to-slf4j/2.10.0/log4j-to-slf4j-2.10.0.jar:/Users/hillchen/Documents/banksteel/mvn/repository/org/apache/logging/log4j/log4j-api/2.10.0/log4j-api-2.10.0.jar:/Users/hillchen/Documents/banksteel/mvn/repository/org/slf4j/jul-to-slf4j/1.7.25/jul-to-slf4j-1.7.25.jar:/Users/hillchen/Documents/banksteel/mvn/repository/javax/annotation/javax.annotation-api/1.3.2/javax.annotation-api-1.3.2.jar:/Users/hillchen/Documents/banksteel/mvn/repository/org/springframework/spring-core/5.0.7.RELEASE/spring-core-5.0.7.RELEASE.jar:/Users/hillchen/Documents/banksteel/mvn/repository/org/springframework/spring-jcl/5.0.7.RELEASE/spring-jcl-5.0.7.RELEASE.jar:/Users/hillchen/Documents/banksteel/mvn/repository/org/yaml/snakeyaml/1.19/snakeyaml-1.19.jar:/Users/hillchen/Documents/banksteel/mvn/repository/com/101tec/zkclient/0.4/zkclient-0.4.jar:/Users/hillchen/Documents/banksteel/mvn/repository/org/apache/zookeeper/zookeeper/3.3.1/zookeeper-3.3.1.jar:/Users/hillchen/Documents/banksteel/mvn/repository/jline/jline/0.9.94/jline-0.9.94.jar:/Users/hillchen/Documents/banksteel/mvn/repository/log4j/log4j/1.2.14/log4j-1.2.14.jar:/Users/hillchen/Documents/work/workspace/hill/rpcext/rpc-ext-demo/rpc-ext-demo-dubbo/rpc-ext-demo-dubbo-api/target/rpc-ext-demo-dubbo-api-1.0-SNAPSHOT.jar:/Users/hillchen/Documents/banksteel/mvn/repository/com/alibaba/dubbo/2.5.8/dubbo-2.5.8.jar:/Users/hillchen/Documents/banksteel/mvn/repository/org/springframework/spring-context/5.0.7.RELEASE/spring-context-5.0.7.RELEASE.jar:/Users/hillchen/Documents/banksteel/mvn/repository/org/springframework/spring-aop/5.0.7.RELEASE/spring-aop-5.0.7.RELEASE.jar:/Users/hillchen/Documents/banksteel/mvn/repository/org/springframework/spring-expression/5.0.7.RELEASE/spring-expression-5.0.7.RELEASE.jar:/Users/hillchen/Documents/banksteel/mvn/repository/org/springframework/spring-beans/5.0.7.RELEASE/spring-beans-5.0.7.RELEASE.jar:/Users/hillchen/Documents/banksteel/mvn/repository/org/springframework/spring-web/5.0.7.RELEASE/spring-web-5.0.7.RELEASE.jar:/Users/hillchen/Documents/banksteel/mvn/repository/org/javassist/javassist/3.20.0-GA/javassist-3.20.0-GA.jar:/Users/hillchen/Documents/banksteel/mvn/repository/org/jboss/netty/netty/3.2.5.Final/netty-3.2.5.Final.jar:/Users/hillchen/Documents/work/workspace/hill/rpcext/rpc-ext-core/target/rpc-ext-core-1.0-SNAPSHOT.jar:/Users/hillchen/Documents/banksteel/mvn/repository/com/alibaba/fastjson/1.2.7/fastjson-1.2.7.jar:/Users/hillchen/Documents/banksteel/mvn/repository/org/springframework/boot/spring-boot-starter-test/2.0.3.RELEASE/spring-boot-starter-test-2.0.3.RELEASE.jar:/Users/hillchen/Documents/banksteel/mvn/repository/org/springframework/boot/spring-boot-test/2.0.3.RELEASE/spring-boot-test-2.0.3.RELEASE.jar:/Users/hillchen/Documents/banksteel/mvn/repository/org/springframework/boot/spring-boot-test-autoconfigure/2.0.3.RELEASE/spring-boot-test-autoconfigure-2.0.3.RELEASE.jar:/Users/hillchen/Documents/banksteel/mvn/repository/com/jayway/jsonpath/json-path/2.4.0/json-path-2.4.0.jar:/Users/hillchen/Documents/banksteel/mvn/repository/net/minidev/json-smart/2.3/json-smart-2.3.jar:/Users/hillchen/Documents/banksteel/mvn/repository/net/minidev/accessors-smart/1.2/accessors-smart-1.2.jar:/Users/hillchen/Documents/banksteel/mvn/repository/org/ow2/asm/asm/5.0.4/asm-5.0.4.jar:/Users/hillchen/Documents/banksteel/mvn/repository/org/slf4j/slf4j-api/1.7.25/slf4j-api-1.7.25.jar:/Users/hillchen/Documents/banksteel/mvn/repository/junit/junit/4.12/junit-4.12.jar:/Users/hillchen/Documents/banksteel/mvn/repository/org/assertj/assertj-core/3.9.1/assertj-core-3.9.1.jar:/Users/hillchen/Documents/banksteel/mvn/repository/org/mockito/mockito-core/2.15.0/mockito-core-2.15.0.jar:/Users/hillchen/Documents/banksteel/mvn/repository/net/bytebuddy/byte-buddy/1.7.11/byte-buddy-1.7.11.jar:/Users/hillchen/Documents/banksteel/mvn/repository/net/bytebuddy/byte-buddy-agent/1.7.11/byte-buddy-agent-1.7.11.jar:/Users/hillchen/Documents/banksteel/mvn/repository/org/objenesis/objenesis/2.6/objenesis-2.6.jar:/Users/hillchen/Documents/banksteel/mvn/repository/org/hamcrest/hamcrest-core/1.3/hamcrest-core-1.3.jar:/Users/hillchen/Documents/banksteel/mvn/repository/org/hamcrest/hamcrest-library/1.3/hamcrest-library-1.3.jar:/Users/hillchen/Documents/banksteel/mvn/repository/org/skyscreamer/jsonassert/1.5.0/jsonassert-1.5.0.jar:/Users/hillchen/Documents/banksteel/mvn/repository/com/vaadin/external/google/android-json/0.0.20131108.vaadin1/android-json-0.0.20131108.vaadin1.jar:/Users/hillchen/Documents/banksteel/mvn/repository/org/springframework/spring-test/5.0.7.RELEASE/spring-test-5.0.7.RELEASE.jar:/Users/hillchen/Documents/banksteel/mvn/repository/org/xmlunit/xmlunit-core/2.5.1/xmlunit-core-2.5.1.jar:"/>
    <property name="sun.cpu.endian" value="little"/>
    <property name="user.home" value="/Users/hillchen"/>
    <property name="user.language" value="zh"/>
    <property name="java.specification.vendor" value="Oracle Corporation"/>
    <property name="java.home" value="/Library/Java/JavaVirtualMachines/jdk1.8.0_181.jdk/Contents/Home/jre"/>
    <property name="basedir" value="/Users/hillchen/Documents/work/workspace/hill/rpcext/rpc-ext-demo/rpc-ext-demo-dubbo/rpc-ext-demo-dubbo-client"/>
    <property name="file.separator" value="/"/>
    <property name="line.separator" value="&#10;"/>
    <property name="java.vm.specification.vendor" value="Oracle Corporation"/>
    <property name="java.specification.name" value="Java Platform API Specification"/>
    <property name="java.awt.graphicsenv" value="sun.awt.CGraphicsEnvironment"/>
    <property name="surefire.real.class.path" value="/Users/hillchen/Documents/work/workspace/hill/rpcext/rpc-ext-demo/rpc-ext-demo-dubbo/rpc-ext-demo-dubbo-client/target/surefire/surefirebooter5322144542768493308.jar"/>
    <property name="sun.boot.class.path" value="/Library/Java/JavaVirtualMachines/jdk1.8.0_181.jdk/Contents/Home/jre/lib/resources.jar:/Library/Java/JavaVirtualMachines/jdk1.8.0_181.jdk/Contents/Home/jre/lib/rt.jar:/Library/Java/JavaVirtualMachines/jdk1.8.0_181.jdk/Contents/Home/jre/lib/sunrsasign.jar:/Library/Java/JavaVirtualMachines/jdk1.8.0_181.jdk/Contents/Home/jre/lib/jsse.jar:/Library/Java/JavaVirtualMachines/jdk1.8.0_181.jdk/Contents/Home/jre/lib/jce.jar:/Library/Java/JavaVirtualMachines/jdk1.8.0_181.jdk/Contents/Home/jre/lib/charsets.jar:/Library/Java/JavaVirtualMachines/jdk1.8.0_181.jdk/Contents/Home/jre/lib/jfr.jar:/Library/Java/JavaVirtualMachines/jdk1.8.0_181.jdk/Contents/Home/jre/classes"/>
    <property name="sun.management.compiler" value="HotSpot 64-Bit Tiered Compilers"/>
    <property name="java.runtime.version" value="1.8.0_181-b13"/>
    <property name="user.name" value="hillchen"/>
    <property name="path.separator" value=":"/>
    <property name="os.version" value="10.13.6"/>
    <property name="java.endorsed.dirs" value="/Library/Java/JavaVirtualMachines/jdk1.8.0_181.jdk/Contents/Home/jre/lib/endorsed"/>
    <property name="java.runtime.name" value="Java(TM) SE Runtime Environment"/>
    <property name="file.encoding" value="US-ASCII"/>
    <property name="java.vm.name" value="Java HotSpot(TM) 64-Bit Server VM"/>
    <property name="localRepository" value="/Users/hillchen/Documents/banksteel/mvn/repository"/>
    <property name="java.vendor.url.bug" value="http://bugreport.sun.com/bugreport/"/>
    <property name="java.io.tmpdir" value="/var/folders/qh/6wjwwt_56fg631st28lh87200000gn/T/"/>
    <property name="idea.version" value="2018.2.1"/>
    <property name="java.version" value="1.8.0_181"/>
    <property name="user.dir" value="/Users/hillchen/Documents/work/workspace/hill/rpcext/rpc-ext-demo/rpc-ext-demo-dubbo/rpc-ext-demo-dubbo-client"/>
    <property name="os.arch" value="x86_64"/>
    <property name="java.vm.specification.name" value="Java Virtual Machine Specification"/>
    <property name="java.awt.printerjob" value="sun.lwawt.macosx.CPrinterJob"/>
    <property name="user.language.format" value="en"/>
    <property name="sun.os.patch.level" value="unknown"/>
    <property name="java.library.path" value="/Users/hillchen/Library/Java/Extensions:/Library/Java/Extensions:/Network/Library/Java/Extensions:/System/Library/Java/Extensions:/usr/lib/java:."/>
    <property name="java.vm.info" value="mixed mode"/>
    <property name="java.vendor" value="Oracle Corporation"/>
    <property name="java.vm.version" value="25.181-b13"/>
    <property name="java.ext.dirs" value="/Users/hillchen/Library/Java/Extensions:/Library/Java/JavaVirtualMachines/jdk1.8.0_181.jdk/Contents/Home/jre/lib/ext:/Library/Java/Extensions:/Network/Library/Java/Extensions:/System/Library/Java/Extensions:/usr/lib/java"/>
    <property name="sun.io.unicode.encoding" value="UnicodeBig"/>
    <property name="java.class.version" value="52.0"/>
  </properties>
  <testcase name="sayHelloTest" classname="com.hill.ext.demo.dubbo.client.test.SayHelloClientTest" time="0.157"/>
</testsuite>